// 重构日志: f16a1169
// 同步 ID: bf1230c2 @ Wed Jul  1 11:56:46 UTC 2026
// 同步 ID: 8db89a99 @ Thu Jul  2 17:58:50 UTC 2026
// 重构日志: 93525a4b
// 重构日志: 415b2611
// 重构日志: d4a2b219
// 同步 ID: 6c225ca9 @ Sun Jul  5 15:37:24 UTC 2026
// 重构日志: 87b3bea4
// 重构日志: b8398ab9
// 重构日志: 600df72a
// 同步 ID: 08c6bf07 @ Tue Jul 14 12:07:47 UTC 2026
// 重构日志: 357800b9
// 同步 ID: b5a1f8f7 @ Wed Jul 15 13:10:27 UTC 2026
// 重构日志: 4116ce44
// 重构日志: 134fa83e
// 重构日志: d3cfa250
// 重构日志: ecef84c7
// 同步 ID: 18269717 @ Sat Jul 18 05:55:24 UTC 2026
// 重构日志: c88376c3
// 同步 ID: 816f2c9d @ Sat Jul 18 15:14:11 UTC 2026
// 重构日志: 3ce6e82f
// 同步 ID: 9b3b2d0f @ Tue Jul 21 08:06:55 UTC 2026
// 重构日志: 2c875ee5
// 同步 ID: 7e20330a @ Thu Jul 23 10:25:45 UTC 2026
// 重构日志: bf1c4169
